{"level":"error","message":"Resend API error details: Invalid `to` field. Please use our testing email address instead of domains like `example.com`. See our documentation for more information.","name":"validation_error","statusCode":422,"timestamp":"2025-06-23 18:03:58"}
{"level":"error","message":"Email service error: Failed to send verification email: Invalid `to` field. Please use our testing email address instead of domains like `example.com`. See our documentation for more information.","stack":"Error: Failed to send verification email: Invalid `to` field. Please use our testing email address instead of domains like `example.com`. See our documentation for more information.\n    at sendVerificationEmail (/Users/aryan/HomeIQ/server/services/emailService.js:376:13)\n    at processTicksAndRejections (node:internal/process/task_queues:105:5)\n    at register (/Users/aryan/HomeIQ/server/controllers/authController.js:108:7)","timestamp":"2025-06-23 18:03:58"}
{"level":"error","message":"Failed to send verification email:","timestamp":"2025-06-23 18:03:58"}
{"level":"info","message":"Created new property 685988fe776c98350460309d for user 685988fd776c98350460308e","timestamp":"2025-06-23 18:03:58"}
{"level":"info","message":"Retrieved 1 properties for user 685988fd776c98350460308e","timestamp":"2025-06-23 18:03:58"}
{"level":"info","message":"Retrieved property 685988fe776c98350460309d for user 685988fd776c98350460308e","timestamp":"2025-06-23 18:03:58"}
{"isOperational":true,"level":"error","message":"Property not found","stack":"Error: Property not found\n    at /Users/aryan/HomeIQ/server/controllers/propertyController.js:35:17\n    at processTicksAndRejections (node:internal/process/task_queues:105:5)","status":"fail","statusCode":404,"timestamp":"2025-06-23 18:03:58"}
{"error":"You can only send testing emails to your own email address (kumararyan9502@gmail.com). To send emails to other recipients, please verify a domain at resend.com/domains, and change the `from` address to an email using this domain.","level":"error","message":"Resend API error details:","statusCode":403,"timestamp":"2025-06-23 18:03:59"}
{"level":"error","message":"Email service error: Failed to send verification email: {\"statusCode\":403,\"error\":\"You can only send testing emails to your own email address (kumararyan9502@gmail.com). To send emails to other recipients, please verify a domain at resend.com/domains, and change the `from` address to an email using this domain.\"}","stack":"Error: Failed to send verification email: {\"statusCode\":403,\"error\":\"You can only send testing emails to your own email address (kumararyan9502@gmail.com). To send emails to other recipients, please verify a domain at resend.com/domains, and change the `from` address to an email using this domain.\"}\n    at sendVerificationEmail (/Users/aryan/HomeIQ/server/services/emailService.js:376:13)\n    at processTicksAndRejections (node:internal/process/task_queues:105:5)\n    at register (/Users/aryan/HomeIQ/server/controllers/authController.js:108:7)","timestamp":"2025-06-23 18:03:59"}
{"level":"error","message":"Failed to send verification email:","timestamp":"2025-06-23 18:03:59"}
{"isOperational":true,"level":"error","message":"Property not found","stack":"Error: Property not found\n    at /Users/aryan/HomeIQ/server/controllers/propertyController.js:35:17\n    at processTicksAndRejections (node:internal/process/task_queues:105:5)","status":"fail","statusCode":404,"timestamp":"2025-06-23 18:03:59"}
{"level":"info","message":"Updated property 685988fe776c98350460309d for user 685988fd776c98350460308e","timestamp":"2025-06-23 18:03:59"}
{"isOperational":true,"level":"error","message":"Property not found","stack":"Error: Property not found\n    at /Users/aryan/HomeIQ/server/controllers/propertyController.js:77:17\n    at processTicksAndRejections (node:internal/process/task_queues:105:5)","status":"fail","statusCode":404,"timestamp":"2025-06-23 18:03:59"}
{"level":"info","message":"Updated property 685988fe776c98350460309d status to occupied","timestamp":"2025-06-23 18:03:59"}
{"level":"info","message":"Updated occupancy for property 685988fe776c98350460309d","timestamp":"2025-06-23 18:03:59"}
{"level":"info","message":"Added 1 images to property 685988fe776c98350460309d","timestamp":"2025-06-23 18:03:59"}
{"level":"info","message":"Search returned 1 properties for user 685988fd776c98350460308e","timestamp":"2025-06-23 18:03:59"}
{"level":"info","message":"Search returned 0 properties for user 685988fd776c98350460308e","timestamp":"2025-06-23 18:03:59"}
{"level":"info","message":"Retrieved analytics for user 685988fd776c98350460308e","timestamp":"2025-06-23 18:03:59"}
{"level":"info","message":"Deleted property 685988fe776c98350460309d for user 685988fd776c98350460308e","timestamp":"2025-06-23 18:03:59"}
{"isOperational":true,"level":"error","message":"Property not found","stack":"Error: Property not found\n    at /Users/aryan/HomeIQ/server/controllers/propertyController.js:109:17\n    at processTicksAndRejections (node:internal/process/task_queues:105:5)","status":"fail","statusCode":404,"timestamp":"2025-06-23 18:03:59"}
